A'asia
Baha'i
Baha'ullah
Bahc'ae
Cap'n
Ch'an
Ch'in
Ch'ing
Cha'ah
D'arcy
D'ewart
Der'a
GI'd
GI'ing
Ge'ez
Hallowe'en
I'd
I'll
I'm
I've
KO'd
KO'ing
L'vov
Landsm'al
M'sieur
Mu'min
N'djamena
Ne'erday
Nuku'alofa
OK'd
OK'ing
PO'd
Prud'hon
Qur'an
San'a
Shari'a
Shi'ite
T'ang
TO'd
Ta'izz
Xi'an
Zu'lkadah
a'body
a'thing
ain't
akwa'ala
all'antica
all'italiana
all'ottava
amn't
an'a
an't
anybody'd
ar'n't
aren't
b'hoy
baws'nt
betra'ying
bo's'n
bo's'ns
bo'sun
bo'suns
bos'n
bos'ns
br'er
ca'canny
can't
ch'in
couldn't
cowslip'd
d'Albert
d'Alembert
d'Arblay
d'Arezzo
d'Estaing
d'Holbach
d'Indy
d'accord
d'art
d'etat
d'oeuvre
daren't
dasn't
dassn't
didn't
doctors'commons
doesn't
dog'sbane
don't
don'ts
e'en
e'er
entr'acte
entr'actes
fa'ard
fatwa'd
fo'c's'le
fo'c's'les
fo'c'sle
fo'c'sles
freez'd
g'day
guv'nor
guv'nors
h'm
ha'it
ha'nt
ha'p'orth
ha'p'orths
ha'pennies
ha'penny
ha'pennyworth
hadn't
hain't
hallowe'en
halo'd
han't
hasn't
haven't
he'd
he'll
her'n
his'n
howe'er
i'd
i'faith
i'll
i'm
i've
idea'd
in't
isn't
it'd
it'll
j'accuse
j'adoube
j'ouvert
jews'harp
jusqu'auboutisme
jusqu'auboutist
jusqu'auboutiste
k'ri
ko'd
l'addition
l'aquila
l'chaim
l'envoy
l'oeil
l'tre
los'te
ma'am
mayn't
mightn't
mu'adhdhin
mustn't
n'djamena
n'gana
n'importe
n't
nasta'liq
ne'er
needn't
nobody'd
nor'east
nor'easter
nor'west
nor'wester
north'ard
o'clock
o'er
o'ertop
ogee'd
oughtn't
our'n
pa'anga
penn'orth
penn'orths
po'chaise
pyjama'd
qur'an
rec'd
s'elp
s'help
samh'in
schoolma'am
se'nnight
sec'y
sha'ban
shan't
she'd
she'll
she'ol
shi'ite
shouldn't
silo'd
snipe'sbill
somebody'll
someone'll
sou'easter
sou'west
sou'wester
south'ard
stuns'l
stuns'ls
t'other
ta'en
tallyho'd
tell'd
that'd
that'll
there'd
there'll
they'd
they'll
they're
they've
this'll
tiara'd
today'll
trans'mute
unidea'd
usedn't
usen't
wasn't
we'd
we'll
we're
we've
weren't
what'd
what'll
what're
what've
whate'er
whatsoe'er
when'd
when'll
when're
whene'er
whensoe'er
where'd
where'er
where'll
where're
where've
wheresoe'er
who'd
who'll
who're
who've
why'd
why'll
why're
win't
wolf'smilk
won't
would've
wouldn't
wrong'un
wrong'uns
x'ing
y'all
ye'se
you'd
you'll
you're
you've
your'n
