abridgment
abridgment's
abridgments
balk
balk's
balked
balking
balks
chequer
chequer's
chequered
chequering
chequers
chequers's
draughted
draughting
drouth
drouth's
drouthes
eon
eon's
eons
extravert
extravert's
extraverted
extraverts
foetus
foetus's
foetuses
gaol
gaol's
gaoled
gaoler
gaoler's
gaolers
gaoling
gaols
glutaeal
nonencyclopaedic
phantasied
phantasies
phantasy
phantasy's
phantasying
phony
phony's
sulfur
sulfur's
sulfured
sulfuring
sulfurs
technicolour
technicoloured
tranquillise
tranquillised
tranquilliser
tranquilliser's
tranquillisers
tranquillises
tranquillising
whiz
whiz's
