OK's
OKed
OKing
OKs
among
colouration
colouration's
colourations
discolouration
discolouration's
discolourations
dreamed
dreamt
encyclopaedia
encyclopaedia's
encyclopaediac
encyclopaedial
encyclopaedian
encyclopaedias
encyclopaedic
encyclopaedical
encyclopaedically
encyclopaedism
encyclopaedisms
encyclopaedist
encyclopaedists
flautist
flautist's
flautists
inflection
inflection's
inflections
inquire
inquired
inquires
inquiries
inquiring
inquiry
inquiry's
learned
nonencyclopaedic
okay
okay's
okayed
okaying
okays
spelled
spilled
spoiled
unlearned
